<!DOCTYPE html>
<html lang="en">
  <head>
    <meta charset="utf-8" />
    <link rel="apple-touch-icon" sizes="180x180" href="/static/apple-touch-icon.png" />
    <link rel="icon" type="image/png" sizes="32x32" href="/static/favicon-32x32.png" />
    <link rel="icon" type="image/png" sizes="16x16" href="/static/favicon-16x16.png" />
    <link rel="manifest" href="/static/site.webmanifest" />
    <meta name="viewport" content="width=device-width, initial-scale=1" />
    <title>Fixing npm install on an M1 Mac</title>
    <meta name="description" content="" />
    
    <style>
      body{background:#fff;color:#111;font-family:-apple-system,BlinkMacSystemFont,'Segoe UI',Roboto,Oxygen-Sans,Ubuntu,Cantarell,'Helvetica Neue',sans-serif;-webkit-font-smoothing:antialiased;margin:0 auto;counter-reset:footnotes}main{margin:1.5rem}#comments-section,#container,article{width:100%;max-width:40rem;margin:0 auto}p.subtitle{margin-top:0;margin-bottom:.5rem;font-size:1.5rem;font-weight:200}iframe,img{max-width:40rem;width:100%;height:auto}h1{margin-bottom:.5rem;font-size:2rem}p{margin-top:1.5rem;margin-bottom:0;line-height:1.5rem}li{line-height:1.5rem}a{color:-webkit-link;text-decoration:none}a:hover{text-decoration:underline}[role=doc-noteref]{display:inline-block}[role=doc-noteref]::after{content:'[' counter(footnotes) ']';counter-increment:footnotes;vertical-align:super;font-size:.8em;cursor:pointer}[role=doc-noteref]:hover::after{text-decoration:underline}time{font-size:.8em;color:#555}nav{display:flex;align-items:center;margin:1rem}#main-logo{width:8rem;margin:0 1rem}#github-mark{width:3rem;margin:0 1rem}#about-link{margin:0 1rem;font-size:2rem}.comment-entry{margin-top:1.5rem;border:1px solid #ccc;border-radius:16px;padding:1rem}.comment-author,.comment-body,.comment-submitted-at{margin:.5rem 0}#comment-form>div{margin-bottom:1rem}label{display:block;margin-bottom:.5rem;font-weight:600}#comment-body-input{box-sizing:border-box;width:100%;font-family:-apple-system,BlinkMacSystemFont,'Segoe UI',Roboto,Oxygen-Sans,Ubuntu,Cantarell,'Helvetica Neue',sans-serif;-webkit-font-smoothing:antialiased}#required-control{display:none}.publication-date{color:#555}#about-photo{width:20rem;margin:auto;display:block;border-radius:50%}div.email-signup-form{border:1px solid #888;border-radius:.5rem;margin:3rem 0;padding:1.5rem;box-shadow:1px 1px 2px #aaa}div.email-signup-form>p{font-size:.9rem;font-weight:600;margin:0}div.email-signup-form>form{display:flex;margin-top:1rem}div.email-signup-form>form>input[type=email]{flex-grow:1;font-size:1rem;margin-right:.5rem}div.email-signup-form>form>input[type=submit]{background-color:#ff8000;border:none;border-radius:.2rem;font-size:1rem;padding:.5rem;-webkit-appearance:none}.redacted{color:#000;background-color:#000}.redacted::selection{background-color:#000}
    </style>
    <link
      rel="preload"
      href="/static/prism.css"
      as="style"
      onload="this.onload=null;this.rel='stylesheet'"
    >
  </head>
  <body>
    <nav>
      <a href="/"><img id="main-logo" src="/static/aj_logo.svg" alt="AJ" /></a>
      <a href="https://github.com/ajenkins/blog">
        <img id="github-mark" src="/static/GitHub-Mark.png" alt="Link to GitHub repo">
      </a>
      <a href="/feed.xml">
        <img id="rss-icon" src="/static/rss_feed.svg" alt="Link to RSS feed">
      </a>
      <a href="/about" id="about-link">
        About
      </a>
    </nav>
    <main>
      
<article>
  <header>
    <h1>Fixing npm install on an M1 Mac</h1>
    
    <time datetime="2021-11-20T13:20:00.000Z">
      November 20, 2021
    </time>
  </header>
  <p>I just bought a new Macbook with an M1 chip to work on my
<a href="/post/making_a_dating_app">dating app</a>.
I got the basic Macbook Air but with 16 GB of RAM if you're wondering.
I heard that there were some issues with software compatibility with
software built for Intel-based Macs, but I figured all of that would
have been smoothed out
<a class="Footnotes__ref" href="#fixes-note" id="fixes-ref" aria-describedby="footnotes-label" role="doc-noteref">by now</a>
given that these Macs have been out for
a full year.
However, when I re-cloned the repo for this blog and
ran <code>npm install</code> I kept getting errors. I'll tell you how I fixed
it so you know what to do if this happens to you.</p>
<p>Before you get started, I recommend you install three things on your
new Mac that should make things easier:</p>
<ol>
<li>The Xcode developer tools. Run <code>xcode-select --install</code>.</li>
<li><a href="https://brew.sh">Homebrew</a> for installing command line utilities on Mac.</li>
<li><a href="https://github.com/nvm-sh/nvm">nvm</a> for installing node, npm, and switching node versions.</li>
</ol>
<p>Once you have that installed you should use nvm to install some version of node.
I installed the latest version (17) which ended up working for me, but you may
need a different version for your project. Now, <code>cd</code> into your project folder
and run <code>npm install</code>. If it works, great! You can stop reading now üòÑ</p>
<p>Ok, so <code>npm install</code> didn't work. Now what? First I'll tell you the
<em>last</em> thing I did, because I suspect that if I had just done that I could
have skipped all the other steps.</p>
<p>When I was trying to debug this I was confused because when I would Google
the errors I was seeing I would find it mentioned in a closed Github Issue
that said the error was fixed in a new version of the package. In retrospect
it seems obvious, but I was able to make all of my <code>npm install</code> errors go
away by upgrading all of my packages to their latest version.</p>
<p>Here's an example of an error I was getting that went away after updating
my packages:</p>
<pre><code>npm ERR! code 1
npm ERR! path /Users/aj/Development/blog/node_modules/esbuild
npm ERR! command failed
npm ERR! command sh -c node install.js
npm ERR! Unsupported platform: darwin arm64 LE
</code></pre>
<p>Rather than figure out the latest version for each package and upgrading
them one-by-one I wanted to upgrade everything to their latest version
all at once.</p>
<p>My understanding is that this is what the <code>npm update</code> command does,
so that might work for you, but I used a third party package called
npm-check-updates instead. You can install it with <code>npm install -g npm-check-updates</code>
(luckily <code>npm install</code> worked for <em>this</em> package üòÖ) and run
it by just running <code>ncu</code> in the folder where your package.json
file is or <code>ncu -u</code> to actually modify your package.json file.</p>
<p>Once my package.json file was updated with the latest version for each
package I ran <code>npm install</code> again and everything installed without errors.
In my case, I didn't even need to change any of my code ‚Äì everything just worked.</p>
<p>So hopefully that's all you need to do, but I actually did do one other thing before
I updated the packages, so I'll mention it in case you run into the same error I did
even after updating your packages.</p>
<p>Here's the error I was getting:</p>
<pre><code>npm ERR! code 1
npm ERR! path /Users/aj/Development/blog/node_modules/sharp
npm ERR! command failed
npm ERR! command sh -c (node install/libvips &amp;&amp; node install/dll-copy &amp;&amp; prebuild-install --runtime=napi) || (node-gyp rebuild &amp;&amp; node install/dll-copy)
npm ERR! CC(target) Release/obj.target/nothing/../node-addon-api/nothing.o
npm ERR!   LIBTOOL-STATIC Release/nothing.a
npm ERR!   TOUCH Release/obj.target/libvips-cpp.stamp
npm ERR!   CXX(target) Release/obj.target/sharp/src/common.o
npm ERR! info sharp Downloading https://github.com/lovell/sharp-libvips/releases/download/v8.9.1/libvips-8.9.1-darwin-arm64v8.tar.gz
npm ERR! ERR! sharp Prebuilt libvips 8.9.1 binaries are not yet available for darwin-arm64v8
npm ERR! info sharp Attempting to build from source via node-gyp but this may fail due to the above error
npm ERR! info sharp Please see https://sharp.pixelplumbing.com/install for required dependencies
npm ERR! gyp info it worked if it ends with ok
npm ERR! gyp info using node-gyp@8.2.0
npm ERR! gyp info using node@16.13.0 | darwin | arm64
npm ERR! gyp info find Python using Python version 3.8.9 found at &quot;/Library/Developer/CommandLineTools/usr/bin/python3&quot;
npm ERR! gyp info spawn /Library/Developer/CommandLineTools/usr/bin/python3
npm ERR! gyp info spawn args [
npm ERR! gyp info spawn args   '/Users/aj/.nvm/versions/node/v16.13.0/lib/node_modules/npm/node_modules/node-gyp/gyp/gyp_main.py',
npm ERR! gyp info spawn args   'binding.gyp',
npm ERR! gyp info spawn args   '-f',
npm ERR! gyp info spawn args   'make',
npm ERR! gyp info spawn args   '-I',
npm ERR! gyp info spawn args   '/Users/aj/Development/blog/node_modules/sharp/build/config.gypi',
npm ERR! gyp info spawn args   '-I',
npm ERR! gyp info spawn args   '/Users/aj/.nvm/versions/node/v16.13.0/lib/node_modules/npm/node_modules/node-gyp/addon.gypi',
npm ERR! gyp info spawn args   '-I',
npm ERR! gyp info spawn args   '/Users/aj/Library/Caches/node-gyp/16.13.0/include/node/common.gypi',
npm ERR! gyp info spawn args   '-Dlibrary=shared_library',
npm ERR! gyp info spawn args   '-Dvisibility=default',
npm ERR! gyp info spawn args   '-Dnode_root_dir=/Users/aj/Library/Caches/node-gyp/16.13.0',
npm ERR! gyp info spawn args   '-Dnode_gyp_dir=/Users/aj/.nvm/versions/node/v16.13.0/lib/node_modules/npm/node_modules/node-gyp',
npm ERR! gyp info spawn args   '-Dnode_lib_file=/Users/aj/Library/Caches/node-gyp/16.13.0/&lt;(target_arch)/node.lib',
npm ERR! gyp info spawn args   '-Dmodule_root_dir=/Users/aj/Development/blog/node_modules/sharp',
npm ERR! gyp info spawn args   '-Dnode_engine=v8',
npm ERR! gyp info spawn args   '--depth=.',
npm ERR! gyp info spawn args   '--no-parallel',
npm ERR! gyp info spawn args   '--generator-output',
npm ERR! gyp info spawn args   'build',
npm ERR! gyp info spawn args   '-Goutput_dir=.'
npm ERR! gyp info spawn args ]
npm ERR! gyp info spawn make
npm ERR! gyp info spawn args [ 'BUILDTYPE=Release', '-C', 'build' ]
npm ERR! warning: /Library/Developer/CommandLineTools/usr/bin/libtool: archive library: Release/nothing.a the table of contents is empty (no object file members in the library define global symbols)
npm ERR! ../src/common.cc:23:10: fatal error: 'vips/vips8' file not found
npm ERR! #include &lt;vips/vips8&gt;
npm ERR!          ^~~~~~~~~~~~
npm ERR! 1 error generated.
npm ERR! make: *** [Release/obj.target/sharp/src/common.o] Error 1
npm ERR! gyp ERR! build error
npm ERR! gyp ERR! stack Error: `make` failed with exit code: 2
npm ERR! gyp ERR! stack     at ChildProcess.onExit (/Users/aj/.nvm/versions/node/v16.13.0/lib/node_modules/npm/node_modules/node-gyp/lib/build.js:194:23)
npm ERR! gyp ERR! stack     at ChildProcess.emit (node:events:390:28)
npm ERR! gyp ERR! stack     at Process.ChildProcess._handle.onexit (node:internal/child_process:290:12)
npm ERR! gyp ERR! System Darwin 21.1.0
npm ERR! gyp ERR! command &quot;/Users/aj/.nvm/versions/node/v16.13.0/bin/node&quot; &quot;/Users/aj/.nvm/versions/node/v16.13.0/lib/node_modules/npm/node_modules/node-gyp/bin/node-gyp.js&quot; &quot;rebuild&quot;
npm ERR! gyp ERR! cwd /Users/aj/Development/blog/node_modules/sharp
npm ERR! gyp ERR! node -v v16.13.0
npm ERR! gyp ERR! node-gyp -v v8.2.0
npm ERR! gyp ERR! not ok
</code></pre>
<p>It's a little hard to parse this error message, but basically npm can't install
a package called sharp which I believe is a low-level utility package.
And the reason the install is failing is because
&quot;Prebuilt libvips 8.9.1 binaries are not yet available for darwin-arm64v8&quot; and
&quot;fatal error: 'vips/vips8' file not found&quot;.
When I Googled this error I found a lot of different solutions, but the one that
worked for me was running <code>brew install vips</code>, then re-running <code>npm install</code>.
Once I did that this error went away, but then I got the esbuild
error I first mentioned. I suspect that if I had updated my packages from the
get-go I wouldn't have needed to install vips at all.</p>
<p>If you're trying to run <code>npm install</code> on an M1 Mac and updating the packages
doesn't fix it or you're getting different errors, I probably won't be of
much help. I recommend Googling the errors you're getting to see if anyone
else ran into that same error and was able to find a solution.</p>
<p>Hope this helped and good luck!</p>
<hr>
<p id="footnote-1">
[1]: 
</p>

  <hr>
  
  <footer role="doc-endnotes" class="Footnotes">
    <h2 id="footnotes-label" class="Footnotes__title">Footnotes</h2>
    <ol class="Footnotes__list"><li id="fixes-note" class="Footnotes__list-item" role="doc-endnote">They actually <em>have</em> fixed these issues. But if you don't regularly update your npm packages (does anyone?) then there's a good chance one or more of your packages won't be compatible with the new ARM-based Macs. <a class="Footnotes__back-link" href="#fixes-ref" aria-label="Back to reference 1" role="doc-backlink">‚Ü©</a></li></ol>
  </footer>
</article>

<section id="comments-section">
<h1>Comments ‚úçÔ∏è</h1>


  <p>No comments yet. Be the first!</p>


<h2>Leave a comment</h2>
<form id="comment-form" name="comment-form" method="POST" action="https://aj-blog-comments.herokuapp.com/v2/entry/ajenkins/blog/master/comments">
  <input name="options[redirect]" type="hidden" value="https://ajenkins.me/post/m1_npm_install/">
  <input name="options[slug]" type="hidden" value="m1_npm_install">

  <div id="required-control">
    <label>Required
      <input type="text" name="fields[required]" tabindex="-1" autocomplete="off">
    </label>
  </div>

  <div id="name-control">
    <label>Name
      <input type="text" name="fields[name]" placeholder="Anonymous" maxlength="1000" size="32">
    </label>
  </div>

  <div id="body-control">
    <label>Comment
      <textarea id="comment-body-input" name="fields[body]" required maxlength="10000" rows="10"></textarea>
    </label>
  </div>

  <div id="submit-button-control">
    <input type="submit" value="Submit">
    <em>Your comment will appear after it's been manually reviewed and approved.</em>
  </div>
</form>
</section>

<p><a href="/">More posts</a></p>
    </main>
  </body>
</html>
